d:\ltmc++\vssuch\chattest1\chattest1\debug\chattest1.mainform.resources
d:\ltmc++\vssuch\chattest1\chattest1\debug\chattest1.nameform.resources
d:\ltmc++\vssuch\chattest1\chattest1\debug\vc141.pdb
d:\ltmc++\vssuch\chattest1\chattest1\debug\socketcontrol.obj
d:\ltmc++\vssuch\chattest1\chattest1\debug\nameform.obj
d:\ltmc++\vssuch\chattest1\chattest1\debug\messagecontrol.obj
d:\ltmc++\vssuch\chattest1\chattest1\debug\message.obj
d:\ltmc++\vssuch\chattest1\chattest1\debug\mainform.obj
d:\ltmc++\vssuch\chattest1\chattest1\debug\clientsocketcontrol.obj
d:\ltmc++\vssuch\chattest1\chattest1\debug\.netframework,version=v4.7.1.assemblyattributes.obj
d:\ltmc++\vssuch\chattest1\chattest1\debug\.netframework,version=v4.7.1.assemblyattributes.asm
d:\ltmc++\vssuch\chattest1\debug\chattest1.exe
d:\ltmc++\vssuch\chattest1\debug\chattest1.pdb
d:\ltmc++\vssuch\chattest1\chattest1\debug\chattest1.vcxproj.generateresource.cache
d:\ltmc++\vssuch\chattest1\chattest1\debug\chattest1.vcxprojassemblyreference.cache
d:\ltmc++\vssuch\chattest1\chattest1\debug\chattest1.tlog\chattest1.write.1u.tlog
d:\ltmc++\vssuch\chattest1\chattest1\debug\chattest1.tlog\cl.command.1.tlog
d:\ltmc++\vssuch\chattest1\chattest1\debug\chattest1.tlog\cl.read.1.tlog
d:\ltmc++\vssuch\chattest1\chattest1\debug\chattest1.tlog\cl.write.1.tlog
d:\ltmc++\vssuch\chattest1\chattest1\debug\chattest1.tlog\link.command.1.tlog
d:\ltmc++\vssuch\chattest1\chattest1\debug\chattest1.tlog\link.read.1.tlog
d:\ltmc++\vssuch\chattest1\chattest1\debug\chattest1.tlog\link.write.1.tlog
d:\ltmc++\vssuch\chattest1\chattest1\debug\chattest1.tlog\metagen.read.1.tlog
d:\ltmc++\vssuch\chattest1\chattest1\debug\chattest1.tlog\metagen.write.1.tlog
